#
# A fatal error has been detected by the Java Runtime Environment:
#
#  SIGSEGV (0xb) at pc=0x00007fff952690dd, pid=3042, tid=1811
#
# JRE version: Java(TM) SE Runtime Environment (8.0_20-b22) (build 1.8.0_20-ea-b22)
# Java VM: Java HotSpot(TM) 64-Bit Server VM (25.20-b21 mixed mode bsd-amd64 compressed oops)
# Problematic frame:
# C  [libobjc.A.dylib+0x10dd]  objc_msgSend+0x1d
#
# Failed to write core dump. Core dumps have been disabled. To enable core dumping, try "ulimit -c unlimited" before starting Java again
#
# If you would like to submit a bug report, please visit:
#   http://bugreport.sun.com/bugreport/crash.jsp
# The crash happened outside the Java Virtual Machine in native code.
# See problematic frame for where to report the bug.
#

---------------  T H R E A D  ---------------

Current thread (0x00007fcab1024000):  JavaThread "AppKit Thread" daemon [_thread_in_native, id=1811, stack(0x00007fff528fb000,0x00007fff530fb000)]

siginfo: si_signo: 11 (SIGSEGV), si_code: 1 (SEGV_MAPERR), si_addr: 0x0000000000000018

Registers:
RAX=0x0000000000000000, RBX=0x00007fcab30068d0, RCX=0x0000000000000000, RDX=0x00007fcab30068d0
RSP=0x00007fff530f4ba8, RBP=0x00007fff530f4bd0, RSI=0x00007fff8aa3b072, RDI=0x00007fcab04587a0
R8 =0x0000000000000001, R9 =0x0000000000000001, R10=0x00007fff8aa3b072, R11=0x0000000000000000
R12=0x0000000000000094, R13=0x00007fcab044f330, R14=0x00007fcab04587a0, R15=0x00007fff530f50c0
RIP=0x00007fff952690dd, EFLAGS=0x0000000000010246, ERR=0x0000000000000004
  TRAPNO=0x000000000000000e

Top of Stack: (sp=0x00007fff530f4ba8)
0x00007fff530f4ba8:   000000012c519598 00007fcab30068d0
0x00007fff530f4bb8:   000000012c54dc60 00007fcab044f330
0x00007fff530f4bc8:   00007fcab30068d0 00007fff530f50b0
0x00007fff530f4bd8:   00007fff8a1c1415 0000000000000000
0x00007fff530f4be8:   0000000000000000 408f400000000000
0x00007fff530f4bf8:   4085e00000000000 0000000000000000
0x00007fff530f4c08:   0000000000000000 408f400000000000
0x00007fff530f4c18:   4085e00000000000 408f400000000000
0x00007fff530f4c28:   4086900000000000 401c000000000000
0x00007fff530f4c38:   4085f80000000000 402c000000000000
0x00007fff530f4c48:   4030000000000000 401c000000000000
0x00007fff530f4c58:   0000000000000000 0000000000000000
0x00007fff530f4c68:   4030000000000000 00007fff8a9ff80e
0x00007fff530f4c78:   4018000000000000 00007fcab0454870
0x00007fff530f4c88:   0000000100000000 0000000000000000
0x00007fff530f4c98:   00007fcab30383d0 00007fff530f4df0
0x00007fff530f4ca8:   00007fff8a287826 00007fff530f4df0
0x00007fff530f4cb8:   00007fff8a2882c2 402c000000000000
0x00007fff530f4cc8:   4030000000000000 401c000000000000
0x00007fff530f4cd8:   4085f80000000000 402c000000000000
0x00007fff530f4ce8:   4030000000000000 0000000000000000
0x00007fff530f4cf8:   0000000000000000 408f400000000000
0x00007fff530f4d08:   4086900000000000 401c000000000000
0x00007fff530f4d18:   4085f80000000000 000000010cb23400
0x00007fff530f4d28:   00007fcab0616b20 00000000000000b0
0x00007fff530f4d38:   0000000000000001 000000000000016a
0x00007fff530f4d48:   000000010cb1f000 00007fff530f4df0
0x00007fff530f4d58:   00007fff8d2cb4ff 000000000000016a
0x00007fff530f4d68:   000000010cb1f000 00007fff530f4e10
0x00007fff530f4d78:   000000000000016b 00007fff530f4e7f
0x00007fff530f4d88:   0000000000040000 00007fcab06fc080
0x00007fff530f4d98:   00007fcab0616a70 000000000000000f 

Instructions: (pc=0x00007fff952690dd)
0x00007fff952690bd:   00 00 00 48 85 ff 2e 74 7a 40 f6 c7 01 2e 75 7e
0x00007fff952690cd:   49 bb f8 ff ff ff ff 7f 00 00 4c 23 1f 49 89 f2
0x00007fff952690dd:   45 23 53 18 49 c1 e2 04 4d 03 53 10 49 3b 32 75
0x00007fff952690ed:   04 41 ff 62 08 49 83 3a 00 74 6a 4d 3b 53 10 74 

Register to memory mapping:

RAX=0x0000000000000000 is an unknown value
RBX=0x00007fcab30068d0 is an unknown value
RCX=0x0000000000000000 is an unknown value
RDX=0x00007fcab30068d0 is an unknown value
RSP=0x00007fff530f4ba8 is pointing into the stack for thread: 0x00007fcab1024000
RBP=0x00007fff530f4bd0 is pointing into the stack for thread: 0x00007fcab1024000
RSI=0x00007fff8aa3b072: -[NSTitlebarContainerView shouldRoundCorners]+0x5c574 in /System/Library/Frameworks/AppKit.framework/Versions/C/AppKit at 0x00007fff8a073000
RDI=0x00007fcab04587a0 is an unknown value
R8 =0x0000000000000001 is an unknown value
R9 =