#
# A fatal error has been detected by the Java Runtime Environment:
#
#  SIGSEGV (0xb) at pc=0x00007fff952690dd, pid=2072, tid=1811
#
# JRE version: Java(TM) SE Runtime Environment (8.0_20-b22) (build 1.8.0_20-ea-b22)
# Java VM: Java HotSpot(TM) 64-Bit Server VM (25.20-b21 mixed mode bsd-amd64 compressed oops)
# Problematic frame:
# C  [libobjc.A.dylib+0x10dd]  objc_msgSend+0x1d
#
# Failed to write core dump. Core dumps have been disabled. To enable core dumping, try "ulimit -c unlimited" before starting Java again
#
# If you would like to submit a bug report, please visit:
#   http://bugreport.sun.com/bugreport/crash.jsp
# The crash happened outside the Java Virtual Machine in native code.
# See problematic frame for where to report the bug.
#

---------------  T H R E A D  ---------------

Current thread (0x00007fd5d8052800):  JavaThread "AppKit Thread" daemon [_thread_in_native, id=1811, stack(0x00007fff5988e000,0x00007fff5a08e000)]

siginfo: si_signo: 11 (SIGSEGV), si_code: 1 (SEGV_MAPERR), si_addr: 0x000007fd5d3f80b8

Registers:
RAX=0x0000000000000000, RBX=0x00007fd5d3f7ca30, RCX=0x0000000000000000, RDX=0x00007fd5d3f7ca30
RSP=0x00007fff5a087ba8, RBP=0x00007fff5a087bd0, RSI=0x00007fff8aa3b072, RDI=0x00007fd5d3f7f190
R8 =0x0000000000000001, R9 =0x0000000000000001, R10=0x00007fff8aa3b072, R11=0x000007fd5d3f80a0
R12=0x0000000000000094, R13=0x00007fd5d3f4ed00, R14=0x00007fd5d3f7f190, R15=0x00007fff5a0880c0
RIP=0x00007fff952690dd, EFLAGS=0x0000000000010206, ERR=0x0000000000000004
  TRAPNO=0x000000000000000e

Top of Stack: (sp=0x00007fff5a087ba8)
0x00007fff5a087ba8:   0000000125614598 00007fd5d3f7ca30
0x00007fff5a087bb8:   0000000125648c60 00007fd5d3f4ed00
0x00007fff5a087bc8:   00007fd5d3f7ca30 00007fff5a0880b0
0x00007fff5a087bd8:   00007fff8a1c1415 0000000000000000
0x00007fff5a087be8:   0000000000000000 408f400000000000
0x00007fff5a087bf8:   4085e00000000000 0000000000000000
0x00007fff5a087c08:   0000000000000000 408f400000000000
0x00007fff5a087c18:   4085e00000000000 408f400000000000
0x00007fff5a087c28:   4086900000000000 401c000000000000
0x00007fff5a087c38:   4085f80000000000 402c000000000000
0x00007fff5a087c48:   4030000000000000 401c000000000000
0x00007fff5a087c58:   0000000000000000 0000000000000000
0x00007fff5a087c68:   4030000000000000 00007fff8a9ff80e
0x00007fff5a087c78:   4018000000000000 00007fd5d3c3dc60
0x00007fff5a087c88:   0000000100000000 0000000000000000
0x00007fff5a087c98:   00007fd5d3f248a0 00007fff5a087df0
0x00007fff5a087ca8:   00007fff8a287826 00007fff5a087df0
0x00007fff5a087cb8:   00007fff8a2882c2 402c000000000000
0x00007fff5a087cc8:   4030000000000000 401c000000000000
0x00007fff5a087cd8:   4085f80000000000 402c000000000000
0x00007fff5a087ce8:   4030000000000000 0000000000000000
0x00007fff5a087cf8:   0000000000000000 408f400000000000
0x00007fff5a087d08:   4086900000000000 401c000000000000
0x00007fff5a087d18:   4085f80000000000 0000000105b90e00
0x00007fff5a087d28:   00007fd5d3f34ef0 0000000000000040
0x00007fff5a087d38:   0000000000000002 000000000000034e
0x00007fff5a087d48:   0000000105b8c000 00007fff5a087df0
0x00007fff5a087d58:   00007fff8d2cb4ff 0000000000000000
0x00007fff5a087d68:   0000000105b8c000 00007fff5a087e10
0x00007fff5a087d78:   00007fff8d2cb4ff 00007fff5a087e7f
0x00007fff5a087d88:   0000000000008000 00007fd5dabfc080
0x00007fff5a087d98:   00007fd5dab17630 000000000000000b 

Instructions: (pc=0x00007fff952690dd)
0x00007fff952690bd:   00 00 00 48 85 ff 2e 74 7a 40 f6 c7 01 2e 75 7e
0x00007fff952690cd:   49 bb f8 ff ff ff ff 7f 00 00 4c 23 1f 49 89 f2
0x00007fff952690dd:   45 23 53 18 49 c1 e2 04 4d 03 53 10 49 3b 32 75
0x00007fff952690ed:   04 41 ff 62 08 49 83 3a 00 74 6a 4d 3b 53 10 74 

Register to memory mapping:

RAX=0x0000000000000000 is an unknown value
RBX=0x00007fd5d3f7ca30 is an unknown value
RCX=0x0000000000000000 is an unknown value
RDX=0x00007fd5d3f7ca30 is an unknown value
RSP=0x00007fff5a087ba8 is pointing into the stack for thread: 0x00007fd5d8052800
RBP=0x00007fff5a087bd0 is pointing into the stack for thread: 0x00007fd5d8052800
RSI=0x00007fff8aa3b072: -[NSTitlebarContainerView shouldRoundCorners]+0x5c574 in /System/Library/Frameworks/AppKit.framework/Versions/C/AppKit at 0x00007fff8a073000
RDI=0x00007fd5d3f7f190 is an unknown value
R8 =0x0000000000000001 is an unknown value
R9 =0x0000000000000001 is an unknown value
R10=0x00007fff8aa3b072: -[NSTitlebarContainerView shouldRoundCorners]+0x5c574 in /System/Library/Frameworks/AppKit.framework/Versions/C/AppKit at 0x00007fff8a073000
R11=0x000007fd5d3f80a0 is an unknown value
R12=0x0000000000000094 is an unknown value
R13=0x00007fd5d3f4ed00 is an unknown value
R14=0x00007fd5d3f7f190 is an unknown value
R15=0x00007fff5a0880c0 is pointing into the stack for thread: 0x00007fd5d8052800


Stack: [0x00007fff5988e000,0x00007fff5a08e000],  sp=0x00007fff5a087ba8,  free space=8166k
Native frames: (J=compiled Java code, j=interpreted, Vv=VM code, C=native code)
C  [libobjc.A.dylib+0x10dd]  objc_msgSend+0x1d
C  [AppKit+0x14e415]  -[NSView _recursiveDisplayRectIfNeededIgnoringOpacity:isVisibleRect:rectIsVisibleRectForView:topView:]+0x740
C  [AppKit+0x14f470]  -[NSView _recursiveDisplayRectIfNeededIgnoringOpacity:isVisibleRect:rectIsVisibleRectForView:topView:]+0x179b
C  [AppKit+0x14d7c3]  -[NSThemeFrame _recursiveDisplayRectIfNeededIgnoringOpacity:isVisibleRect:rectIsVisibleRectForView:topView:]+0x14d
C  [AppKit+0x14a30b]  -[NSView _displayRectIgnoringOpacity:isVisibleRect:rectIsVisibleRectForView:]+0xac9
C  [AppKit+0x128cea]  -[NSView displayIfNeeded]+0x754
C  [AppKit+0x146205]  -[NSWindow displayIfNeeded]+0xe8
C  [AppKit+0x183442]  _handleWindowNeedsDisplayOrLayoutOrUpdateConstraints+0x3a8
C  [Foundation+0x67253]  __NSFireTimer+0x5f
C  [CoreFoundation+0xb5944]  __CFRUNLOOP_IS_CALLING_OUT_TO_A_TIMER_CALLBACK_FUNCTION__+0x14
C  [CoreFoundation+0xb55d3]  __CFRunLoopDoTimer+0x423
C  [CoreFoundation+0x128bbd]  __CFRunLoopDoTimers+0x12d
C  [CoreFoundation+0x72068]  __CFRunLoopRun+0x7e8
C  [CoreFoundation+0x71638]  CFRunLoopRunSpecific+0x128
C  [HIToolbox+0x2e45f]  RunCurrentEventLoopInMode+0xeb
C  [HIToolbox+0x2e1da]  ReceiveNextEventCommon+0x1af
C  [HIToolbox+0x2e01b]  _BlockUntilNextEventMatchingListInModeWithFilter+0x47
C  [AppKit+0x245d1]  _DPSNextEvent+0x3c4
C  [AppKit+0x23d80]  -[NSApplication nextEventMatchingMask:untilDate:inMode:dequeue:]+0xc2
C  [libosxapp.dylib+0x242a]  -[NSApplicationAWT nextEventMatchingMask:untilDate:inMode:dequeue:]+0x7c
C  [AppKit+0x17d33]  -[NSApplication run]+0x252
C  [libosxapp.dylib+0x223e]  +[NSApplicationAWT runAWTLoopWithApp:]+0x9c
C  [libawt_lwawt.dylib+0x4494f]  -[AWTStarter starter:]+0x389
C  [Foundation+0x6617c]  __NSThreadPerformPerform+0x125
C  [CoreFoundation+0x80461]  __CFRUNLOOP_IS_CALLING_OUT_TO_A_SOURCE0_PERFORM_FUNCTION__+0x11
C  [CoreFoundation+0x725ed]  __CFRunLoopDoSources0+0x10d
C  [CoreFoundation+0x71c1f]  __CFRunLoopRun+0x39f
C  [CoreFoundation+0x71638]  CFRunLoopRunSpecific+0x128
C  [java+0x56cc]  CreateExecutionEnvironment+0x367
C  [java+0x165c]  JLI_Launch+0x7a0
C  [java+0x768a]  main+0x65
C  [java+0xeb4]  start+0x34
C  0x0000000000000006


---------------  P R O C E S S  ---------------

Java Threads: ( => current thread )
  0x00007fd5d7951000 JavaThread "AWT-Shutdown" [_thread_blocked, id=16155, stack(0x0000000125697000,0x0000000125797000)]
  0x00007fd5d6170800 JavaThread "Java2D Disposer" daemon [_thread_blocked, id=56331, stack(0x000000012652c000,0x000000012662c000)]
  0x00007fd5d60d4800 JavaThread "Java2D Queue Flusher" daemon [_thread_blocked, id=54023, stack(0x000000012579a000,0x000000012589a000)]
=>0x00007fd5d8052800 JavaThread "AppKit Thread" daemon [_thread_in_native, id=1811, stack(0x00007fff5988e000,0x00007fff5a08e000)]
  0x00007fd5d4010800 JavaThread "Service Thread" daemon [_thread_blocked, id=20739, stack(0x0000000120b51000,0x0000000120c51000)]
  0x00007fd5d7806800 JavaThread "C1 CompilerThread3" daemon [_thread_blocked, id=20227, stack(0x0000000120a4e000,0x0000000120b4e000)]
  0x00007fd5d4007800 JavaThread "C2 CompilerThread2" daemon [_thread_blocked, id=19715, stack(0x000000012094b000,0x0000000120a4b000)]
  0x00007fd5d7806000 JavaThread "C2 CompilerThread1" daemon [_thread_blocked, id=19203, stack(0x0000000120848000,0x0000000120948000)]
  0x00007fd5d8035800 JavaThread "C2 CompilerThread0" daemon [_thread_blocked, id=18691, stack(0x0000000120745000,0x0000000120845000)]
  0x00007fd5d8031000 JavaThread "Signal Dispatcher" daemon [_thread_blocked, id=15383, stack(0x0000000120642000,0x0000000120742000)]
  0x00007fd5d601a000 JavaThread "Finalizer" daemon [_thread_blocked, id=13571, stack(0x000000011ecf8000,0x000000011edf8000)]
  0x00007fd5d6019000 JavaThread "Reference Handler" daemon [_thread_blocked, id=13059, stack(0x000000011ebf5000,0x000000011ecf5000)]
  0x00007fd5d6007000 JavaThread "main" [_thread_in_native, id=4867, stack(0x0000000105c88000,0x0000000105d88000)]

Other Threads:
  0x00007fd5d6016800 VMThread [stack: 0x000000011eaf2000,0x000000011ebf2000] [id=12547]
  0x00007fd5d4011000 WatcherThread [stack: 0x0000000120c54000,0x0000000120d54000] [id=21251]

VM state:not at safepoint (normal execution)

VM Mutex/Monitor currently owned by a thread: None

Heap:
 PSYoungGen      total 38400K, used 32444K [0x0000000795580000, 0x0000000798000000, 0x00000007c0000000)
  eden space 33280K, 97% used [0x0000000795580000,0x000000079752f058,0x0000000797600000)
  from space 5120K, 0% used [0x0000000797b00000,0x0000000797b00000,0x0000000798000000)
  to   space 5120K, 0% used [0x0000000797600000,0x0000000797600000,0x0000000797b00000)
 ParOldGen       total 87552K, used 0K [0x0000000740000000, 0x0000000745580000, 0x0000000795580000)
  object space 87552K, 0% used [0x0000000740000000,0x0000000740000000,0x0000000745580000)
 Metaspace       used 8731K, capacity 8891K, committed 8960K, reserved 1056768K
  class space    used 903K, capacity 956K, committed 1024K, reserved 1048576K

Card table byte_map: [0x00000001170da000,0x00000001174db000] byte_map_base: 0x00000001136da000

Marking Bits: (ParMarkBitMap*) 0x000000010769c290
 Begin Bits: [0x0000000117f9e000, 0x0000000119f9e000)
 End Bits:   [0x0000000119f9e000, 0x000000011bf9e000)

Polling page: 0x0000000105dcc000

CodeCache: size=245760Kb used=3741Kb max_used=3752Kb free=242018Kb
 bounds [0x0000000107d1a000, 0x00000001080da000, 0x0000000116d1a000]
 total_blobs=1381 nmethods=885 adapters=411
 compilation: enabled

Compilation events (10 events):
Event: 39.737 Thread 0x00007fd5d7806800  881       3       java.util.concurrent.locks.AbstractQueuedSynchronizer::setState (6 bytes)
Event: 39.737 Thread 0x00007fd5d7806800 nmethod 881 0x000000010808e010 code [0x000000010808e160, 0x000000010808e2b0]
Event: 40.677 Thread 0x00007fd5d7806800  882       3       java.util.concurrent.locks.ReentrantLock$Sync::nonfairTryAcquire (67 bytes)
Event: 40.678 Thread 0x00007fd5d7806800 nmethod 882 0x00000001080a1410 code [0x00000001080a15a0, 0x00000001080a1cc8]
Event: 86.132 Thread 0x00007fd5d7806800  883 % !   3       org.newdawn.slick.AppGameContainer::start @ 9 (49 bytes)
Event: 86.134 Thread 0x00007fd5d7806800 nmethod 883% 0x000000010809f590 code [0x000000010809f840, 0x00000001080a0b38]
Event: 86.635 Thread 0x00007fd5d7806800  884   !   3       org.newdawn.slick.AppGameContainer::start (49 bytes)
Event: 86.636 Thread 0x00007fd5d7806800 nmethod 884 0x000000010809d810 code [0x000000010809dac0, 0x000000010809ed38]
Event: 89.861 Thread 0x00007fd5d7806000  885       4       java.nio.DirectByteBuffer::put (18 bytes)
Event: 89.862 Thread 0x00007fd5d7806000 nmethod 885 0x000000010808dd90 code [0x000000010808dee0, 0x000000010808df78]

GC Heap History (0 events):
No events

Deoptimization events (0 events):
No events

Internal exceptions (10 events):
Event: 3.881 Thread 0x00007fd5d6007000 Exception <a 'java/security/PrivilegedActionException'> (0x0000000796d28760) thrown at [/HUDSON3/workspace/8-2-build-macosx-x86_64/jdk8u20/866.nc/hotspot/src/share/vm/prims/jvm.cpp, line 1275]
Event: 3.882 Thread 0x00007fd5d6007000 Exception <a 'java/security/PrivilegedActionException'> (0x0000000796d2e7b8) thrown at [/HUDSON3/workspace/8-2-build-macosx-x86_64/jdk8u20/866.nc/hotspot/src/share/vm/prims/jvm.cpp, line 1275]
Event: 3.883 Thread 0x00007fd5d6007000 Exception <a 'java/security/PrivilegedActionException'> (0x0000000796d347c0) thrown at [/HUDSON3/workspace/8-2-build-macosx-x86_64/jdk8u20/866.nc/hotspot/src/share/vm/prims/jvm.cpp, line 1275]
Event: 3.886 Thread 0x00007fd5d6007000 Exception <a 'java/security/PrivilegedActionException'> (0x0000000796d54bc8) thrown at [/HUDSON3/workspace/8-2-build-macosx-x86_64/jdk8u20/866.nc/hotspot/src/share/vm/prims/jvm.cpp, line 1275]
Event: 3.893 Thread 0x00007fd5d6007000 Exception <a 'java/security/PrivilegedActionException'> (0x0000000796d78a88) thrown at [/HUDSON3/workspace/8-2-build-macosx-x86_64/jdk8u20/866.nc/hotspot/src/share/vm/prims/jvm.cpp, line 1275]
Event: 3.921 Thread 0x00007fd5d6007000 Exception <a 'java/security/PrivilegedActionException'> (0x0000000796e29e10) thrown at [/HUDSON3/workspace/8-2-build-macosx-x86_64/jdk8u20/866.nc/hotspot/src/share/vm/prims/jvm.cpp, line 1275]
Event: 3.924 Thread 0x00007fd5d6007000 Exception <a 'java/security/PrivilegedActionException'> (0x0000000796e772a8) thrown at [/HUDSON3/workspace/8-2-build-macosx-x86_64/jdk8u20/866.nc/hotspot/src/share/vm/prims/jvm.cpp, line 1275]
Event: 3.926 Thread 0x00007fd5d6007000 Exception <a 'java/security/PrivilegedActionException'> (0x0000000796e7f458) thrown at [/HUDSON3/workspace/8-2-build-macosx-x86_64/jdk8u20/866.nc/hotspot/src/share/vm/prims/jvm.cpp, line 1275]
Event: 6.611 Thread 0x00007fd5d6007000 Exception <a 'java/security/PrivilegedActionException'> (0x0000000796e98c50) thrown at [/HUDSON3/workspace/8-2-build-macosx-x86_64/jdk8u20/866.nc/hotspot/src/share/vm/prims/jvm.cpp, line 1275]
Event: 89.860 Thread 0x00007fd5d6007000 Exception <a 'java/security/PrivilegedActionException'> (0x0000000796f33600) thrown at [/HUDSON3/workspace/8-2-build-macosx-x86_64/jdk8u20/866.nc/hotspot/src/share/vm/prims/jvm.cpp, line 1275]

Events (10 events):
Event: 79.722 Executing VM operation: RevokeBias
Event: 79.722 Executing VM operation: RevokeBias done
Event: 79.722 Thread 0x00007fd5d681b000 Thread exited: 0x00007fd5d681b000
Event: 80.320 Thread 0x00007fd5d7951000 Thread added: 0x00007fd5d7951000
Event: 81.324 Executing VM operation: RevokeBias
Event: 81.324 Executing VM operation: RevokeBias done
Event: 81.324 Thread 0x00007fd5d7951000 Thread exited: 0x00007fd5d7951000
Event: 89.434 Thread 0x00007fd5d7951000 Thread added: 0x00007fd5d7951000
Event: 89.860 loading class org/lwjgl/opengl/CallbackUtil
Event: 89.860 loading class org/lwjgl/opengl/CallbackUtil done


Dynamic libraries:
0x000000000856e000 	/System/Library/Frameworks/Cocoa.framework/Versions/A/Cocoa
0x000000000856e000 	/System/Library/Frameworks/Security.framework/Versions/A/Security
0x000000000856e000 	/System/Library/Frameworks/ApplicationServices.framework/Versions/A/ApplicationServices
0x000000000856e000 	/usr/lib/libz.1.dylib
0x000000000856e000 	/usr/lib/libSystem.B.dylib
0x000000000856e000 	/usr/lib/libobjc.A.dylib
0x000000000856e000 	/System/Library/Frameworks/CoreFoundation.framework/Versions/A/CoreFoundation
0x000000000856e000 	/System/Library/Frameworks/Foundation.framework/Versions/C/Foundation
0x000000000856e000 	/System/Library/Frameworks/AppKit.framework/Versions/C/AppKit
0x000000000856e000 	/System/Library/Frameworks/CoreData.framework/Versions/A/CoreData
0x000000000856e000 	/System/Library/PrivateFrameworks/RemoteViewServices.framework/Versions/A/RemoteViewServices
0x000000000856e000 	/System/Library/PrivateFrameworks/UIFoundation.framework/Versions/A/UIFoundation
0x000000000856e000 	/System/Library/Frameworks/IOSurface.framework/Versions/A/IOSurface
0x000000000856e000 	/System/Library/Frameworks/AudioToolbox.framework/Versions/A/AudioToolbox
0x000000000856e000 	/System/Library/Frameworks/AudioUnit.framework/Versions/A/AudioUnit
0x000000000856e000 	/System/Library/PrivateFrameworks/DataDetectorsCore.framework/Versions/A/DataDetectorsCore
0x000000000856e000 	/System/Library/PrivateFrameworks/DesktopServicesPriv.framework/Versions/A/DesktopServicesPriv
0x000000000856e000 	/System/Library/Frameworks/Carbon.framework/Versions/A/Frameworks/HIToolbox.framework/Versions/A/HIToolbox
0x000000000856e000 	/System/Library/Frameworks/QuartzCore.framework/Versions/A/QuartzCore
0x000000000856e000 	/System/Library/Frameworks/Carbon.framework/Versions/A/Frameworks/SpeechRecognition.framework/Versions/A/SpeechRecognition
0x000000000856e000 	/usr/lib/libauto.dylib
0x000000000856e000 	/usr/lib/libicucore.A.dylib
0x000000000856e000 	/usr/lib/libxml2.2.dylib
0x000000000856e000 	/System/Library/PrivateFrameworks/CoreUI.framework/Versions/A/CoreUI
0x000000000856e000 	/System/Library/Frameworks/CoreAudio.framework/Versions/A/CoreAudio
0x000000000856e000 	/System/Library/Frameworks/DiskArbitration.framework/Versions/A/DiskArbitration
0x000000000856e000 	/usr/lib/liblangid.dylib
0x000000000856e000 	/System/Library/PrivateFrameworks/MultitouchSupport.framework/Versions/A/MultitouchSupport
0x000000000856e000 	/System/Library/Frameworks/IOKit.framework/Versions/A/IOKit
0x000000000856e000 	/usr/lib/libDiagnosticMessagesClient.dylib
0x000000000856e000 	/System/Library/Frameworks/CoreServices.framework/Versions/A/CoreServices
0x000000000856e000 	/System/Library/PrivateFrameworks/PerformanceAnalysis.framework/Versions/A/PerformanceAnalysis
0x000000000856e000 	/System/Library/PrivateFrameworks/GenerationalStorage.framework/Versions/A/GenerationalStorage
0x000000000856e000 	/System/Library/Frameworks/OpenGL.framework/Versions/A/OpenGL
0x000000000856e000 	/System/Library/PrivateFrameworks/Sharing.framework/Versions/A/Sharing
0x000000000856e000 	/System/Library/Frameworks/CoreGraphics.framework/Versions/A/CoreGraphics
0x000000000856e000 	/System/Library/Frameworks/CoreText.framework/Versions/A/CoreText
0x000000000856e000 	/System/Library/Frameworks/ImageIO.framework/Versions/A/ImageIO
0x000000000856e000 	/usr/lib/libextension.dylib
0x000000000856e000 	/System/Library/PrivateFrameworks/Backup.framework/Versions/A/Backup
0x000000000856e000 	/usr/lib/libarchive.2.dylib
0x000000000856e000 	/System/Library/Frameworks/CFNetwork.framework/Versions/A/CFNetwork
0x000000000856e000 	/System/Library/Frameworks/SystemConfiguration.framework/Versions/A/SystemConfiguration
0x000000000856e000 	/usr/lib/libCRFSuite.dylib
0x000000000856e000 	/usr/lib/libc++.1.dylib
0x000000000856e000 	/usr/lib/libc++abi.dylib
0x000000000856e000 	/usr/lib/system/libcache.dylib
0x000000000856e000 	/usr/lib/system/libcommonCrypto.dylib
0x000000000856e000 	/usr/lib/system/libcompiler_rt.dylib
0x000000000856e000 	/usr/lib/system/libcopyfile.dylib
0x000000000856e000 	/usr/lib/system/libcorecrypto.dylib
0x000000000856e000 	/usr/lib/system/libdispatch.dylib
0x000000000856e000 	/usr/lib/system/libdyld.dylib
0x000000000856e000 	/usr/lib/system/libkeymgr.dylib
0x000000000856e000 	/usr/lib/system/liblaunch.dylib
0x000000000856e000 	/usr/lib/system/libmacho.dylib
0x000000000856e000 	/usr/lib/system/libquarantine.dylib
0x000000000856e000 	/usr/lib/system/libremovefile.dylib
0x000000000856e000 	/usr/lib/system/libsystem_asl.dylib
0x000000000856e000 	/usr/lib/system/libsystem_blocks.dylib
0x000000000856e000 	/usr/lib/system/libsystem_c.dylib
0x000000000856e000 	/usr/lib/system/libsystem_configuration.dylib
0x000000000856e000 	/usr/lib/system/libsystem_coreservices.dylib
0x000000000856e000 	/usr/lib/system/libsystem_coretls.dylib
0x000000000856e000 	/usr/lib/system/libsystem_dnssd.dylib
0x000000000856e000 	/usr/lib/system/libsystem_info.dylib
0x000000000856e000 	/usr/lib/system/libsystem_kernel.dylib
0x000000000856e000 	/usr/lib/system/libsystem_m.dylib
0x000000000856e000 	/usr/lib/system/libsystem_malloc.dylib
0x000000000856e000 	/usr/lib/system/libsystem_network.dylib
0x000000000856e000 	/usr/lib/system/libsystem_networkextension.dylib
0x000000000856e000 	/usr/lib/system/libsystem_notify.dylib
0x000000000856e000 	/usr/lib/system/libsystem_platform.dylib
0x000000000856e000 	/usr/lib/system/libsystem_pthread.dylib
0x000000000856e000 	/usr/lib/system/libsystem_sandbox.dylib
0x000000000856e000 	/usr/lib/system/libsystem_secinit.dylib
0x000000000856e000 	/usr/lib/system/libsystem_stats.dylib
0x000000000856e000 	/usr/lib/system/libsystem_trace.dylib
0x000000000856e000 	/usr/lib/system/libunc.dylib
0x000000000856e000 	/usr/lib/system/libunwind.dylib
0x000000000856e000 	/usr/lib/system/libxpc.dylib
0x000000000856e000 	/usr/lib/libbz2.1.0.dylib
0x000000000856e000 	/usr/lib/liblzma.5.dylib
0x000000000856e000 	/usr/lib/libbsm.0.dylib
0x000000000856e000 	/usr/lib/libsqlite3.dylib
0x000000000856e000 	/usr/lib/system/libkxld.dylib
0x000000000856e000 	/usr/lib/libxar.1.dylib
0x000000000856e000 	/usr/lib/libpam.2.dylib
0x000000000856e000 	/usr/lib/libOpenScriptingUtil.dylib
0x000000000856e000 	/System/Library/Frameworks/CoreServices.framework/Versions/A/Frameworks/FSEvents.framework/Versions/A/FSEvents
0x000000000856e000 	/System/Library/Frameworks/CoreServices.framework/Versions/A/Frameworks/CarbonCore.framework/Versions/A/CarbonCore
0x000000000856e000 	/System/Library/Frameworks/CoreServices.framework/Versions/A/Frameworks/Metadata.framework/Versions/A/Metadata
0x000000000856e000 	/System/Library/Frameworks/CoreServices.framework/Versions/A/Frameworks/OSServices.framework/Versions/A/OSServices
0x000000000856e000 	/System/Library/Frameworks/CoreServices.framework/Versions/A/Frameworks/SearchKit.framework/Versions/A/SearchKit
0x000000000856e000 	/System/Library/Frameworks/CoreServices.framework/Versions/A/Frameworks/AE.framework/Versions/A/AE
0x000000000856e000 	/System/Library/Frameworks/CoreServices.framework/Versions/A/Frameworks/LaunchServices.framework/Versions/A/LaunchServices
0x000000000856e000 	/System/Library/Frameworks/CoreServices.framework/Versions/A/Frameworks/DictionaryServices.framework/Versions/A/DictionaryServices
0x000000000856e000 	/System/Library/Frameworks/NetFS.framework/Versions/A/NetFS
0x000000000856e000 	/System/Library/PrivateFrameworks/NetAuth.framework/Versions/A/NetAuth
0x000000000856e000 	/System/Library/PrivateFrameworks/login.framework/Versions/A/Frameworks/loginsupport.framework/Versions/A/loginsupport
0x000000000856e000 	/System/Library/PrivateFrameworks/TCC.framework/Versions/A/TCC
0x000000000856e000 	/usr/lib/libmecabra.dylib
0x000000000856e000 	/System/Library/PrivateFrameworks/LanguageModeling.framework/Versions/A/LanguageModeling
0x000000000856e000 	/usr/lib/libcmph.dylib
0x000000000856e000 	/usr/lib/libiconv.2.dylib
0x000000000856e000 	/System/Library/Frameworks/OpenDirectory.framework/Versions/A/Frameworks/CFOpenDirectory.framework/Versions/A/CFOpenDirectory
0x000000000856e000 	/System/Library/Frameworks/ServiceManagement.framework/Versions/A/ServiceManagement
0x000000000856e000 	/usr/lib/libxslt.1.dylib
0x000000000856e000 	/System/Library/Frameworks/Carbon.framework/Versions/A/Frameworks/Ink.framework/Versions/A/Ink
0x000000000856e000 	/System/Library/Frameworks/ApplicationServices.framework/Versions/A/Frameworks/ATS.framework/Versions/A/ATS
0x000000000856e000 	/System/Library/Frameworks/ApplicationServices.framework/Versions/A/Frameworks/ColorSync.framework/Versions/A/ColorSync
0x000000000856e000 	/System/Library/Frameworks/ApplicationServices.framework/Versions/A/Frameworks/HIServices.framework/Versions/A/HIServices
0x000000000856e000 	/System/Library/Frameworks/ApplicationServices.framework/Versions/A/Frameworks/LangAnalysis.framework/Versions/A/LangAnalysis
0x000000000856e000 	/System/Library/Frameworks/ApplicationServices.framework/Versions/A/Frameworks/PrintCore.framework/Versions/A/PrintCore
0x000000000856e000 	/System/Library/Frameworks/ApplicationServices.framework/Versions/A/Frameworks/QD.framework/Versions/A/QD
0x000000000856e000 	/System/Library/Frameworks/ApplicationServices.framework/Versions/A/Frameworks/SpeechSynthesis.framework/Versions/A/SpeechSynthesis
0x000000000856e000 	/System/Library/Frameworks/Accelerate.framework/Versions/A/Accelerate
0x000000000856e000 	/System/Library/Frameworks/Accelerate.framework/Versions/A/Frameworks/vImage.framework/Versions/A/vImage
0x000000000856e000 	/System/Library/Frameworks/Accelerate.framework/Versions/A/Frameworks/vecLib.framework/Versions/A/vecLib
0x000000000856e000 	/System/Library/Frameworks/Accelerate.framework/Versions/A/Frameworks/vecLib.framework/Versions/A/libvDSP.dylib
0x000000000856e000 	/System/Library/Frameworks/Accelerate.framework/Versions/A/Frameworks/vecLib.framework/Versions/A/libvMisc.dylib
0x000000000856e000 	/System/Library/Frameworks/Accelerate.framework/Versions/A/Frameworks/vecLib.framework/Versions/A/libLAPACK.dylib
0x000000000856e000 	/System/Library/Frameworks/Accelerate.framework/Versions/A/Frameworks/vecLib.framework/Versions/A/libBLAS.dylib
0x000000000856e000 	/System/Library/Frameworks/Accelerate.framework/Versions/A/Frameworks/vecLib.framework/Versions/A/libLinearAlgebra.dylib
0x000000000856e000 	/System/Library/Frameworks/ApplicationServices.framework/Versions/A/Frameworks/ATS.framework/Versions/A/Resources/libFontParser.dylib
0x000000000856e000 	/System/Library/Frameworks/ApplicationServices.framework/Versions/A/Frameworks/ATS.framework/Versions/A/Resources/libFontRegistry.dylib
0x000000000856e000 	/System/Library/PrivateFrameworks/AppleVPA.framework/Versions/A/AppleVPA
0x000000000856e000 	/System/Library/PrivateFrameworks/AppleJPEG.framework/Versions/A/AppleJPEG
0x000000000856e000 	/System/Library/Frameworks/ImageIO.framework/Versions/A/Resources/libJPEG.dylib
0x000000000856e000 	/System/Library/Frameworks/ImageIO.framework/Versions/A/Resources/libTIFF.dylib
0x000000000856e000 	/System/Library/Frameworks/ImageIO.framework/Versions/A/Resources/libPng.dylib
0x000000000856e000 	/System/Library/Frameworks/ImageIO.framework/Versions/A/Resources/libGIF.dylib
0x000000000856e000 	/System/Library/Frameworks/ImageIO.framework/Versions/A/Resources/libJP2.dylib
0x000000000856e000 	/System/Library/Frameworks/ImageIO.framework/Versions/A/Resources/libRadiance.dylib
0x000000000856e000 	/System/Library/Frameworks/CoreVideo.framework/Versions/A/CoreVideo
0x000000000856e000 	/System/Library/Frameworks/OpenGL.framework/Versions/A/Libraries/libGLU.dylib
0x000000000856e000 	/System/Library/Frameworks/OpenGL.framework/Versions/A/Libraries/libGFXShared.dylib
0x000000000856e000 	/System/Library/Frameworks/OpenGL.framework/Versions/A/Libraries/libGL.dylib
0x000000000856e000 	/System/Library/Frameworks/OpenGL.framework/Versions/A/Libraries/libGLImage.dylib
0x000000000856e000 	/System/Library/Frameworks/OpenGL.framework/Versions/A/Libraries/libCVMSPluginSupport.dylib
0x000000000856e000 	/System/Library/Frameworks/OpenGL.framework/Versions/A/Libraries/libCoreVMClient.dylib
0x000000000856e000 	/usr/lib/libcups.2.dylib
0x000000000856e000 	/System/Library/Frameworks/Kerberos.framework/Versions/A/Kerberos
0x000000000856e000 	/System/Library/Frameworks/GSS.framework/Versions/A/GSS
0x000000000856e000 	/usr/lib/libresolv.9.dylib
0x000000000856e000 	/System/Library/PrivateFrameworks/Heimdal.framework/Versions/A/Heimdal
0x000000000856e000 	/usr/lib/libheimdal-asn1.dylib
0x000000000856e000 	/System/Library/Frameworks/OpenDirectory.framework/Versions/A/OpenDirectory
0x000000000856e000 	/System/Library/PrivateFrameworks/CommonAuth.framework/Versions/A/CommonAuth
0x000000000856e000 	/System/Library/Frameworks/SecurityFoundation.framework/Versions/A/SecurityFoundation
0x000000000856e000 	/System/Library/Frameworks/QuartzCore.framework/Versions/A/Frameworks/CoreImage.framework/Versions/A/CoreImage
0x000000000856e000 	/System/Library/PrivateFrameworks/CrashReporterSupport.framework/Versions/A/CrashReporterSupport
0x000000000856e000 	/System/Library/Frameworks/OpenCL.framework/Versions/A/OpenCL
0x000000000856e000 	/System/Library/PrivateFrameworks/FaceCore.framework/Versions/A/FaceCore
0x000000000856e000 	/System/Library/PrivateFrameworks/Ubiquity.framework/Versions/A/Ubiquity
0x000000000856e000 	/System/Library/PrivateFrameworks/IconServices.framework/Versions/A/IconServices
0x000000000856e000 	/System/Library/PrivateFrameworks/ChunkingLibrary.framework/Versions/A/ChunkingLibrary
0x000000000856e000 	/System/Library/PrivateFrameworks/Apple80211.framework/Versions/A/Apple80211
0x000000000856e000 	/System/Library/Frameworks/CoreWLAN.framework/Versions/A/CoreWLAN
0x000000000856e000 	/System/Library/Frameworks/IOBluetooth.framework/Versions/A/IOBluetooth
0x000000000856e000 	/System/Library/PrivateFrameworks/CoreWiFi.framework/Versions/A/CoreWiFi
0x000000000856e000 	/System/Library/Frameworks/CoreBluetooth.framework/Versions/A/CoreBluetooth
0x000000000856e000 	/System/Library/PrivateFrameworks/DebugSymbols.framework/Versions/A/DebugSymbols
0x000000000856e000 	/System/Library/PrivateFrameworks/CoreSymbolication.framework/Versions/A/CoreSymbolication
0x000000000856e000 	/System/Library/PrivateFrameworks/Symbolication.framework/Versions/A/Symbolication
0x000000000856e000 	/System/Library/PrivateFrameworks/SpeechRecognitionCore.framework/Versions/A/SpeechRecognitionCore
0x0000000106e00000 	/Library/Java/JavaVirtualMachines/jdk1.8.0_20.jdk/Contents/Home/jre/lib/server/libjvm.dylib
0x000000000856e000 	/usr/lib/libstdc++.6.dylib
0x0000000105d8a000 	/Library/Java/JavaVirtualMachines/jdk1.8.0_20.jdk/Contents/Home/jre/lib/libverify.dylib
0x0000000105d98000 	/Library/Java/JavaVirtualMachines/jdk1.8.0_20.jdk/Contents/Home/jre/lib/libjava.dylib
0x0000000105dd6000 	/Library/Java/JavaVirtualMachines/jdk1.8.0_20.jdk/Contents/Home/jre/lib/libzip.dylib
0x000000011edfa000 	/System/Library/Frameworks/JavaVM.framework/Frameworks/JavaRuntimeSupport.framework/JavaRuntimeSupport
0x000000011ee12000 	/System/Library/Frameworks/JavaVM.framework/Versions/A/Frameworks/JavaNativeFoundation.framework/Versions/A/JavaNativeFoundation
0x000000011ee27000 	/System/Library/Frameworks/JavaVM.framework/Versions/A/JavaVM
0x000000000856e000 	/System/Library/Frameworks/Carbon.framework/Versions/A/Carbon
0x000000011ee34000 	/System/Library/PrivateFrameworks/JavaLaunching.framework/Versions/A/JavaLaunching
0x000000000856e000 	/System/Library/Frameworks/Carbon.framework/Versions/A/Frameworks/CommonPanels.framework/Versions/A/CommonPanels
0x000000000856e000 	/System/Library/Frameworks/Carbon.framework/Versions/A/Frameworks/Help.framework/Versions/A/Help
0x000000000856e000 	/System/Library/Frameworks/Carbon.framework/Versions/A/Frameworks/ImageCapture.framework/Versions/A/ImageCapture
0x000000000856e000 	/System/Library/Frameworks/Carbon.framework/Versions/A/Frameworks/OpenScripting.framework/Versions/A/OpenScripting
0x000000000856e000 	/System/Library/Frameworks/Carbon.framework/Versions/A/Frameworks/Print.framework/Versions/A/Print
0x000000000856e000 	/System/Library/Frameworks/Carbon.framework/Versions/A/Frameworks/SecurityHI.framework/Versions/A/SecurityHI
0x0000000120db4000 	/Library/Java/JavaVirtualMachines/jdk1.8.0_20.jdk/Contents/Home/jre/lib/libawt.dylib
0x0000000120e63000 	/Library/Java/JavaVirtualMachines/jdk1.8.0_20.jdk/Contents/Home/jre/lib/./libmlib_image.dylib
0x0000000120f2f000 	/Library/Java/JavaVirtualMachines/jdk1.8.0_20.jdk/Contents/Home/jre/lib/libawt_lwawt.dylib
0x0000000120fe2000 	/Library/Java/JavaVirtualMachines/jdk1.8.0_20.jdk/Contents/Home/jre/lib/./libosxapp.dylib
0x000000000856e000 	/System/Library/Frameworks/ExceptionHandling.framework/Versions/A/ExceptionHandling
0x000000000856e000 	/System/Library/PrivateFrameworks/CoreServicesInternal.framework/Versions/A/CoreServicesInternal
0x000000000856e000 	/System/Library/PrivateFrameworks/CloudDocs.framework/Versions/A/CloudDocs
0x000000000856e000 	/System/Library/PrivateFrameworks/CoreDuet.framework/Versions/A/CoreDuet
0x000000000856e000 	/System/Library/Frameworks/CloudKit.framework/Versions/A/CloudKit
0x000000000856e000 	/System/Library/PrivateFrameworks/ProtocolBuffer.framework/Versions/A/ProtocolBuffer
0x000000000856e000 	/System/Library/PrivateFrameworks/CoreDuetDaemonProtocol.framework/Versions/A/CoreDuetDaemonProtocol
0x000000000856e000 	/System/Library/PrivateFrameworks/CoreDuetDebugLogging.framework/Versions/A/CoreDuetDebugLogging
0x000000000856e000 	/System/Library/Frameworks/CoreLocation.framework/Versions/A/CoreLocation
0x000000000856e000 	/System/Library/Frameworks/Accounts.framework/Versions/A/Accounts
0x000000000856e000 	/System/Library/PrivateFrameworks/ApplePushService.framework/Versions/A/ApplePushService
0x000000000856e000 	/System/Library/PrivateFrameworks/GeoServices.framework/Versions/A/GeoServices
0x000000000856e000 	/System/Library/PrivateFrameworks/OAuth.framework/Versions/A/OAuth
0x000000000856e000 	/System/Library/PrivateFrameworks/CoreDaemon.framework/Versions/B/CoreDaemon
0x000000000856e000 	/usr/lib/libcrypto.0.9.8.dylib
0x000000000856e000 	/System/Library/PrivateFrameworks/AppleSRP.framework/Versions/A/AppleSRP
0x000000000856e000 	/System/Library/PrivateFrameworks/TrustEvaluationAgent.framework/Versions/A/TrustEvaluationAgent
0x000000000856e000 	/System/Library/Frameworks/CoreGraphics.framework/Versions/A/Resources/libCGCMS.A.dylib
0x000000000856e000 	/System/Library/Frameworks/CoreGraphics.framework/Versions/A/Resources/libRIP.A.dylib
0x000000000856e000 	/System/Library/Frameworks/CoreGraphics.framework/Versions/A/Resources/libCGXType.A.dylib
0x000000000856e000 	/System/Library/Frameworks/OpenCL.framework/Versions/A/Libraries/libcldcpuengine.dylib
0x000000000856e000 	/System/Library/PrivateFrameworks/DiskImages.framework/Versions/A/DiskImages
0x000000000856e000 	/System/Library/Frameworks/DiscRecording.framework/Versions/A/DiscRecording
0x000000000856e000 	/usr/lib/libcsfde.dylib
0x000000000856e000 	/usr/lib/libcurl.4.dylib
0x000000000856e000 	/System/Library/PrivateFrameworks/MediaKit.framework/Versions/A/MediaKit
0x000000000856e000 	/System/Library/PrivateFrameworks/ProtectedCloudStorage.framework/Versions/A/ProtectedCloudStorage
0x000000000856e000 	/usr/lib/libCoreStorage.dylib
0x000000000856e000 	/System/Library/PrivateFrameworks/EFILogin.framework/Versions/A/EFILogin
0x000000000856e000 	/usr/lib/libutil.dylib
0x000000000856e000 	/System/Library/PrivateFrameworks/FindMyDevice.framework/Versions/A/FindMyDevice
0x000000000856e000 	/System/Library/Frameworks/LDAP.framework/Versions/A/LDAP
0x000000000856e000 	/usr/lib/libsasl2.2.dylib
0x0000000124069000 	cl_kernels
0x000000012406b000 	/System/Library/Frameworks/OpenCL.framework/Versions/A/Libraries/ImageFormats/unorm8_bgra.dylib
0x000000012405b000 	cl_kernels
0x000000000856e000 	/System/Library/PrivateFrameworks/FamilyControls.framework/Versions/A/FamilyControls
0x000000000856e000 	/System/Library/PrivateFrameworks/CommerceKit.framework/Versions/A/Frameworks/CommerceCore.framework/Versions/A/CommerceCore
0x000000000856e000 	/System/Library/PrivateFrameworks/SystemAdministration.framework/Versions/A/SystemAdministration
0x000000000856e000 	/System/Library/PrivateFrameworks/AppContainer.framework/Versions/A/AppContainer
0x000000000856e000 	/System/Library/PrivateFrameworks/SecCodeWrapper.framework/Versions/A/SecCodeWrapper
0x000000000856e000 	/System/Library/Frameworks/DirectoryService.framework/Versions/A/DirectoryService
0x000000000856e000 	/System/Library/PrivateFrameworks/LoginUIKit.framework/Versions/A/Frameworks/LoginUICore.framework/Versions/A/LoginUICore
0x000000000856e000 	/usr/lib/libodfde.dylib
0x00000001255a4000 	/Library/Java/JavaVirtualMachines/jdk1.8.0_20.jdk/Contents/Home/jre/lib/libfontmanager.dylib
0x000000012560a000 	/Users/Daniel/lib/lwjgl-2.9.3/native/macosx/liblwjgl.dylib
0x00000001234cb000 	/Library/Java/JavaVirtualMachines/jdk1.8.0_20.jdk/Contents/Home/jre/lib/libjawt.dylib
0x000000000856e000 	/System/Library/Frameworks/OpenGL.framework/Versions/A/Resources/GLEngine.bundle/GLEngine
0x000000000856e000 	/System/Library/Frameworks/OpenGL.framework/Versions/A/Libraries/libGLProgrammability.dylib
0x0000000000000000 	/System/Library/Extensions/AppleIntelHD4000GraphicsGLDriver.bundle/Contents/MacOS/AppleIntelHD4000GraphicsGLDriver
0x000000000856e000 	/System/Library/PrivateFrameworks/IOAccelerator.framework/Versions/A/IOAccelerator
0x000000000856e000 	/System/Library/PrivateFrameworks/GPUSupport.framework/Versions/A/Libraries/libGPUSupportMercury.dylib
0x0000000000000000 	/System/Library/Extensions/GeForceGLDriver.bundle/Contents/MacOS/GeForceGLDriver
0x000000000856e000 	/System/Library/Extensions/GeForceGLDriver.bundle/Contents/MacOS/libclh.dylib
0x000000000856e000 	/System/Library/Frameworks/OpenGL.framework/Versions/A/Resources/GLRendererFloat.bundle/GLRendererFloat
0x0000000127f18000 	/Users/Daniel/lib/lwjgl-2.9.3/native/macosx/libjinput-osx.dylib
0x0000000127f1d000 	/System/Library/Extensions/IOHIDFamily.kext/Contents/PlugIns/IOHIDLib.plugin/Contents/MacOS/IOHIDLib
0x000000012253a000 	/Users/Daniel/lib/lwjgl-2.9.3/native/macosx/openal.dylib
0x00000001284c7000 	/System/Library/Components/CoreAudio.component/Contents/MacOS/CoreAudio
0x00000001225be000 	/System/Library/Extensions/AppleHDA.kext/Contents/PlugIns/AppleHDAHALPlugIn.bundle/Contents/MacOS/AppleHDAHALPlugIn

VM Arguments:
jvm_args: -Djava.library.path=/Users/Daniel/lib/lwjgl-2.9.3/native/macosx -Dfile.encoding=UTF-8 
java_command: GUI.Game
java_class_path (initial): /Users/Daniel/Documents/workspace/SE_Project/mahjong/target/classes:/Users/Daniel/lib/slick/lib/jinput.jar:/Users/Daniel/lib/slick/lib/lwjgl_util.jar:/Users/Daniel/lib/slick/lib/lwjgl.jar:/Users/Daniel/lib/slick/lib/slick.jar
Launcher Type: SUN_STANDARD

Environment Variables:
PATH=/usr/bin:/bin:/usr/sbin:/sbin
SHELL=/bin/bash
DISPLAY=/private/tmp/com.apple.launchd.OABD2mxtTp/org.macosforge.xquartz:0

Signal Handlers:
SIGSEGV: [libjvm.dylib+0x5790cf], sa_mask[0]=11111111011111110111111111111111, sa_flags=SA_ONSTACK|SA_RESTART|SA_SIGINFO
SIGBUS: [libjvm.dylib+0x5790cf], sa_mask[0]=11111111011111110111111111111111, sa_flags=SA_RESTART|SA_SIGINFO
SIGFPE: [libjvm.dylib+0x45ad70], sa_mask[0]=11111111011111110111111111111111, sa_flags=SA_RESTART|SA_SIGINFO
SIGPIPE: [libjvm.dylib+0x45ad70], sa_mask[0]=11111111011111110111111111111111, sa_flags=SA_RESTART|SA_SIGINFO
SIGXFSZ: [libjvm.dylib+0x45ad70], sa_mask[0]=11111111011111110111111111111111, sa_flags=SA_RESTART|SA_SIGINFO
SIGILL: [libjvm.dylib+0x45ad70], sa_mask[0]=11111111011111110111111111111111, sa_flags=SA_RESTART|SA_SIGINFO
SIGUSR1: SIG_DFL, sa_mask[0]=00000000000000000000000000000000, sa_flags=none
SIGUSR2: [libjvm.dylib+0x45a88e], sa_mask[0]=00100000000000000000000000000000, sa_flags=SA_RESTART|SA_SIGINFO
SIGHUP: [libjvm.dylib+0x458e5f], sa_mask[0]=11111111011111110111111111111111, sa_flags=SA_RESTART|SA_SIGINFO
SIGINT: [libjvm.dylib+0x458e5f], sa_mask[0]=11111111011111110111111111111111, sa_flags=SA_RESTART|SA_SIGINFO
SIGTERM: [libjvm.dylib+0x458e5f], sa_mask[0]=11111111011111110111111111111111, sa_flags=SA_RESTART|SA_SIGINFO
SIGQUIT: [libjvm.dylib+0x458e5f], sa_mask[0]=11111111011111110111111111111111, sa_flags=SA_RESTART|SA_SIGINFO


---------------  S Y S T E M  ---------------

OS:Bsduname:Darwin 14.0.0 Darwin Kernel Version 14.0.0: Sun Sep  7 19:47:26 PDT 2014; root:xnu-2782.1.96~4/RELEASE_X86_64 x86_64
rlimit: STACK 8192k, CORE 0k, NPROC 709, NOFILE 10240, AS infinity
load average:2.95 2.31 2.12

CPU:total 8 (4 cores per cpu, 2 threads per core) family 6 model 58 stepping 9, cmov, cx8, fxsr, mmx, sse, sse2, sse3, ssse3, sse4.1, sse4.2, popcnt, avx, aes, clmul, erms, ht, tsc, tscinvbit, tscinv

Memory: 4k page, physical 8388608k(129384k free)

/proc/meminfo:


vm_info: Java HotSpot(TM) 64-Bit Server VM (25.20-b21) for bsd-amd64 JRE (1.8.0_20-ea-b22), built on Jul  8 2014 19:20:17 by "java_re" with gcc 4.2.1 (Based on Apple Inc. build 5658) (LLVM build 2336.11.00)

time: Sat Feb 28 01:04:14 2015
elapsed time: 89 seconds (0d 0h 1m 29s)

